This is pdfTeX, Version 3.14159265-2.6-1.40.15 (TeX Live 2014/Debian) (preloaded format=pdflatex 2014.10.28)  20 FEB 2015 11:22
entering extended mode
 restricted \write18 enabled.
 %&-line parsing enabled.
**flipper.tex
(./flipper.tex
LaTeX2e <2014/05/01>
Babel <3.9k> and hyphenation patterns for 79 languages loaded.
(/usr/share/texlive/texmf-dist/tex/latex/base/article.cls
Document Class: article 2007/10/19 v1.4h Standard LaTeX document class
(/usr/share/texlive/texmf-dist/tex/latex/base/size10.clo
File: size10.clo 2007/10/19 v1.4h Standard LaTeX file (size option)
)
\c@part=\count79
\c@section=\count80
\c@subsection=\count81
\c@subsubsection=\count82
\c@paragraph=\count83
\c@subparagraph=\count84
\c@figure=\count85
\c@table=\count86
\abovecaptionskip=\skip41
\belowcaptionskip=\skip42
\bibindent=\dimen102
) (./header_math.sty
(/usr/share/texlive/texmf-dist/tex/latex/amsfonts/amssymb.sty
Package: amssymb 2013/01/14 v3.01 AMS font symbols

(/usr/share/texlive/texmf-dist/tex/latex/amsfonts/amsfonts.sty
Package: amsfonts 2013/01/14 v3.01 Basic AMSFonts support
\@emptytoks=\toks14
\symAMSa=\mathgroup4
\symAMSb=\mathgroup5
LaTeX Font Info:    Overwriting math alphabet `\mathfrak' in version `bold'
(Font)                  U/euf/m/n --> U/euf/b/n on input line 106.
))
(/usr/share/texlive/texmf-dist/tex/latex/amsmath/amsmath.sty
Package: amsmath 2013/01/14 v2.14 AMS math features
\@mathmargin=\skip43

For additional information on amsmath, use the `?' option.
(/usr/share/texlive/texmf-dist/tex/latex/amsmath/amstext.sty
Package: amstext 2000/06/29 v2.01

(/usr/share/texlive/texmf-dist/tex/latex/amsmath/amsgen.sty
File: amsgen.sty 1999/11/30 v2.0
\@emptytoks=\toks15
\ex@=\dimen103
))
(/usr/share/texlive/texmf-dist/tex/latex/amsmath/amsbsy.sty
Package: amsbsy 1999/11/29 v1.2d
\pmbraise@=\dimen104
)
(/usr/share/texlive/texmf-dist/tex/latex/amsmath/amsopn.sty
Package: amsopn 1999/12/14 v2.01 operator names
)
\inf@bad=\count87
LaTeX Info: Redefining \frac on input line 210.
\uproot@=\count88
\leftroot@=\count89
LaTeX Info: Redefining \overline on input line 306.
\classnum@=\count90
\DOTSCASE@=\count91
LaTeX Info: Redefining \ldots on input line 378.
LaTeX Info: Redefining \dots on input line 381.
LaTeX Info: Redefining \cdots on input line 466.
\Mathstrutbox@=\box26
\strutbox@=\box27
\big@size=\dimen105
LaTeX Font Info:    Redeclaring font encoding OML on input line 566.
LaTeX Font Info:    Redeclaring font encoding OMS on input line 567.
\macc@depth=\count92
\c@MaxMatrixCols=\count93
\dotsspace@=\muskip10
\c@parentequation=\count94
\dspbrk@lvl=\count95
\tag@help=\toks16
\row@=\count96
\column@=\count97
\maxfields@=\count98
\andhelp@=\toks17
\eqnshift@=\dimen106
\alignsep@=\dimen107
\tagshift@=\dimen108
\tagwidth@=\dimen109
\totwidth@=\dimen110
\lineht@=\dimen111
\@envbody=\toks18
\multlinegap=\skip44
\multlinetaggap=\skip45
\mathdisplay@stack=\toks19
LaTeX Info: Redefining \[ on input line 2665.
LaTeX Info: Redefining \] on input line 2666.
)
(/usr/share/texlive/texmf-dist/tex/latex/amsmath/amscd.sty
Package: amscd 1999/11/29 v2.0
\athelp@=\toks20
\minaw@=\dimen112
\bigaw@=\dimen113
\minCDarrowwidth=\dimen114
)
(/usr/share/texlive/texmf-dist/tex/latex/amscls/amsthm.sty
Package: amsthm 2004/08/06 v2.20
\thm@style=\toks21
\thm@bodyfont=\toks22
\thm@headfont=\toks23
\thm@notefont=\toks24
\thm@headpunct=\toks25
\thm@preskip=\skip46
\thm@postskip=\skip47
\thm@headsep=\skip48
\dth@everypar=\toks26
)
(/usr/share/texlive/texmf-dist/tex/latex/oberdiek/colonequals.sty
Package: colonequals 2006/08/01 v1.0 Colon equals symbols (HO)
)
(/usr/share/texlive/texmf-dist/tex/latex/microtype/microtype.sty
Package: microtype 2013/05/23 v2.5a Micro-typographical refinements (RS)

(/usr/share/texlive/texmf-dist/tex/latex/graphics/keyval.sty
Package: keyval 2014/05/08 v1.15 key=value parser (DPC)
\KV@toks@=\toks27
)
\MT@toks=\toks28
\MT@count=\count99
LaTeX Info: Redefining \textls on input line 766.
\MT@outer@kern=\dimen115
LaTeX Info: Redefining \textmicrotypecontext on input line 1285.
\MT@listname@count=\count100

(/usr/share/texlive/texmf-dist/tex/latex/microtype/microtype-pdftex.def
File: microtype-pdftex.def 2013/05/23 v2.5a Definitions specific to pdftex (RS)

LaTeX Info: Redefining \lsstyle on input line 915.
LaTeX Info: Redefining \lslig on input line 915.
\MT@outer@space=\skip49
)
Package microtype Info: Loading configuration file microtype.cfg.

(/usr/share/texlive/texmf-dist/tex/latex/microtype/microtype.cfg
File: microtype.cfg 2013/05/23 v2.5a microtype main configuration file (RS)
))
(/usr/share/texlive/texmf-dist/tex/latex/pinlabel/pinlabel.sty
(/usr/share/texlive/texmf-dist/tex/latex/graphics/graphicx.sty
Package: graphicx 2014/04/25 v1.0g Enhanced LaTeX Graphics (DPC,SPQR)

(/usr/share/texlive/texmf-dist/tex/latex/graphics/graphics.sty
Package: graphics 2009/02/05 v1.0o Standard LaTeX Graphics (DPC,SPQR)

(/usr/share/texlive/texmf-dist/tex/latex/graphics/trig.sty
Package: trig 1999/03/16 v1.09 sin cos tan (DPC)
)
(/usr/share/texlive/texmf-dist/tex/latex/latexconfig/graphics.cfg
File: graphics.cfg 2010/04/23 v1.9 graphics configuration of TeX Live
)
Package graphics Info: Driver file: pdftex.def on input line 91.

(/usr/share/texlive/texmf-dist/tex/latex/pdftex-def/pdftex.def
File: pdftex.def 2011/05/27 v0.06d Graphics/color for pdfTeX

(/usr/share/texlive/texmf-dist/tex/generic/oberdiek/infwarerr.sty
Package: infwarerr 2010/04/08 v1.3 Providing info/warning/error messages (HO)
)
(/usr/share/texlive/texmf-dist/tex/generic/oberdiek/ltxcmds.sty
Package: ltxcmds 2011/11/09 v1.22 LaTeX kernel commands for general use (HO)
)
\Gread@gobject=\count101
))
\Gin@req@height=\dimen116
\Gin@req@width=\dimen117
)
\psfc@a=\count102
\psfc@b=\count103
\psfc@c=\count104
\psfc@d=\count105
\psfc@e=\count106
\psfc@f=\count107
\psfc@g=\count108
\psfc@h=\count109
\psfc@i=\count110
\psfc@j=\count111
\psscale@count=\count112
\psfigtoks@=\toks29
\psfig@dimen=\dimen118
\ps@stream=\read1
\lab@stream=\read2
\@linecount=\count113
\maxheaderlines=\count114
\label@box=\box28
\x@lab=\dimen119
\y@lab=\dimen120
\x@aux=\dimen121
\y@aux=\dimen122
\hair=\dimen123
)
(/usr/share/texlive/texmf-dist/tex/latex/hyperref/hyperref.sty
Package: hyperref 2012/11/06 v6.83m Hypertext links for LaTeX

(/usr/share/texlive/texmf-dist/tex/generic/oberdiek/hobsub-hyperref.sty
Package: hobsub-hyperref 2012/05/28 v1.13 Bundle oberdiek, subset hyperref (HO)


(/usr/share/texlive/texmf-dist/tex/generic/oberdiek/hobsub-generic.sty
Package: hobsub-generic 2012/05/28 v1.13 Bundle oberdiek, subset generic (HO)
Package: hobsub 2012/05/28 v1.13 Construct package bundles (HO)
Package hobsub Info: Skipping package `infwarerr' (already loaded).
Package hobsub Info: Skipping package `ltxcmds' (already loaded).
Package: ifluatex 2010/03/01 v1.3 Provides the ifluatex switch (HO)
Package ifluatex Info: LuaTeX not detected.
Package: ifvtex 2010/03/01 v1.5 Detect VTeX and its facilities (HO)
Package ifvtex Info: VTeX not detected.
Package: intcalc 2007/09/27 v1.1 Expandable calculations with integers (HO)
Package: ifpdf 2011/01/30 v2.3 Provides the ifpdf switch (HO)
Package ifpdf Info: pdfTeX in PDF mode is detected.
Package: etexcmds 2011/02/16 v1.5 Avoid name clashes with e-TeX commands (HO)
Package etexcmds Info: Could not find \expanded.
(etexcmds)             That can mean that you are not using pdfTeX 1.50 or
(etexcmds)             that some package has redefined \expanded.
(etexcmds)             In the latter case, load this package earlier.
Package: kvsetkeys 2012/04/25 v1.16 Key value parser (HO)
Package: kvdefinekeys 2011/04/07 v1.3 Define keys (HO)
Package: pdftexcmds 2011/11/29 v0.20 Utility functions of pdfTeX for LuaTeX (HO
)
Package pdftexcmds Info: LuaTeX not detected.
Package pdftexcmds Info: \pdf@primitive is available.
Package pdftexcmds Info: \pdf@ifprimitive is available.
Package pdftexcmds Info: \pdfdraftmode found.
Package: pdfescape 2011/11/25 v1.13 Implements pdfTeX's escape features (HO)
Package: bigintcalc 2012/04/08 v1.3 Expandable calculations on big integers (HO
)
Package: bitset 2011/01/30 v1.1 Handle bit-vector datatype (HO)
Package: uniquecounter 2011/01/30 v1.2 Provide unlimited unique counter (HO)
)
Package hobsub Info: Skipping package `hobsub' (already loaded).
Package: letltxmacro 2010/09/02 v1.4 Let assignment for LaTeX macros (HO)
Package: hopatch 2012/05/28 v1.2 Wrapper for package hooks (HO)
Package: xcolor-patch 2011/01/30 xcolor patch
Package: atveryend 2011/06/30 v1.8 Hooks at the very end of document (HO)
Package atveryend Info: \enddocument detected (standard20110627).
Package: atbegshi 2011/10/05 v1.16 At begin shipout hook (HO)
Package: refcount 2011/10/16 v3.4 Data extraction from label references (HO)
Package: hycolor 2011/01/30 v1.7 Color options for hyperref/bookmark (HO)
)
(/usr/share/texlive/texmf-dist/tex/generic/ifxetex/ifxetex.sty
Package: ifxetex 2010/09/12 v0.6 Provides ifxetex conditional
)
(/usr/share/texlive/texmf-dist/tex/latex/oberdiek/auxhook.sty
Package: auxhook 2011/03/04 v1.3 Hooks for auxiliary files (HO)
)
(/usr/share/texlive/texmf-dist/tex/latex/oberdiek/kvoptions.sty
Package: kvoptions 2011/06/30 v3.11 Key value format for package options (HO)
)
\@linkdim=\dimen124
\Hy@linkcounter=\count115
\Hy@pagecounter=\count116

(/usr/share/texlive/texmf-dist/tex/latex/hyperref/pd1enc.def
File: pd1enc.def 2012/11/06 v6.83m Hyperref: PDFDocEncoding definition (HO)
)
\Hy@SavedSpaceFactor=\count117

(/usr/share/texlive/texmf-dist/tex/latex/latexconfig/hyperref.cfg
File: hyperref.cfg 2002/06/06 v1.2 hyperref configuration of TeXLive
)
Package hyperref Info: Hyper figures OFF on input line 4443.
Package hyperref Info: Link nesting OFF on input line 4448.
Package hyperref Info: Hyper index ON on input line 4451.
Package hyperref Info: Plain pages OFF on input line 4458.
Package hyperref Info: Backreferencing ON on input line 4461.
Package hyperref Info: Implicit mode ON; LaTeX internals redefined.
Package hyperref Info: Bookmarks ON on input line 4688.

(/usr/share/texlive/texmf-dist/tex/latex/hyperref/backref.sty
Package: backref 2012/07/25 v1.38 Bibliographical back referencing

(/usr/share/texlive/texmf-dist/tex/latex/oberdiek/rerunfilecheck.sty
Package: rerunfilecheck 2011/04/15 v1.7 Rerun checks for auxiliary files (HO)
Package uniquecounter Info: New unique counter `rerunfilecheck' on input line 2
82.
))
\c@Hy@tempcnt=\count118

(/usr/share/texlive/texmf-dist/tex/latex/url/url.sty
\Urlmuskip=\muskip11
Package: url 2013/09/16  ver 3.4  Verb mode for urls, etc.
)
LaTeX Info: Redefining \url on input line 5041.
\XeTeXLinkMargin=\dimen125
\Fld@menulength=\count119
\Field@Width=\dimen126
\Fld@charsize=\dimen127
Package hyperref Info: Hyper figures OFF on input line 6295.
Package hyperref Info: Link nesting OFF on input line 6300.
Package hyperref Info: Hyper index ON on input line 6303.
Package hyperref Info: backreferencing ON on input line 6308.
Package hyperref Info: Link coloring OFF on input line 6315.
Package hyperref Info: Link coloring with OCG OFF on input line 6320.
Package hyperref Info: PDF/A mode OFF on input line 6325.
LaTeX Info: Redefining \ref on input line 6365.
LaTeX Info: Redefining \pageref on input line 6369.
\Hy@abspage=\count120
\c@Item=\count121
\c@Hfootnote=\count122
)

Package hyperref Message: Driver: hpdftex.

(/usr/share/texlive/texmf-dist/tex/latex/hyperref/hpdftex.def
File: hpdftex.def 2012/11/06 v6.83m Hyperref driver for pdfTeX
\Fld@listcount=\count123
\c@bookmark@seq@number=\count124
\Hy@SectionHShift=\skip50
))
(./header_article.sty
\c@objective=\count125
\c@case=\count126
)
(/usr/share/texlive/texmf-dist/tex/latex/preprint/fullpage.sty
Package: fullpage 1999/02/23 1.1 (PWD)
\FP@margin=\skip51
)
(/usr/share/texlive/texmf-dist/tex/latex/overpic/overpic.sty
Package: overpic 2010/09/13 v0.53  Overwriting graphics

Package: overpic v0.53 <2010/09/13> (RN)
(/usr/share/texlive/texmf-dist/tex/latex/eepic/epic.sty
Enhancements to Picture Environment. Version 1.2 - Released June 1, 1986
\@@multicnt=\count127
\d@lta=\count128
\@delta=\dimen128
\@@delta=\dimen129
\@gridcnt=\count129
\@joinkind=\count130
\@dotgap=\dimen130
\@ddotgap=\dimen131
\@x@diff=\count131
\@y@diff=\count132
\x@diff=\dimen132
\y@diff=\dimen133
\@dotbox=\box29
\num@segments=\count133
\num@segmentsi=\count134
\@datafile=\read3
)
overpic: relative positioning in percent
) (/usr/share/texlive/texmf-dist/tex/latex/framed/framed.sty
Package: framed 2011/10/22 v 0.96: framed or shaded text with page breaks
\OuterFrameSep=\skip52
\fb@frw=\dimen134
\fb@frh=\dimen135
\FrameRule=\dimen136
\FrameSep=\dimen137
)
(/usr/share/texlive/texmf-dist/tex/latex/mdframed/mdframed.sty
Package: mdframed 2013/07/01 1.9b: mdframed

(/usr/share/texlive/texmf-dist/tex/latex/l3packages/xparse/xparse.sty
(/usr/share/texlive/texmf-dist/tex/latex/l3kernel/expl3.sty
Package: expl3 2014/06/10 v5105 L3 programming layer (loader) 

(/usr/share/texlive/texmf-dist/tex/latex/l3kernel/expl3-code.tex
Package: expl3 2014/06/10 v5105 L3 programming layer (code) 
L3 Module: l3bootstrap 2014/05/26 v4889 L3 Bootstrap code

(/usr/share/texlive/texmf-dist/tex/latex/etex-pkg/etex.sty
Package: etex 1998/03/26 v2.0 eTeX basic definition package (PEB)
\et@xins=\count135
)
L3 Module: l3names 2014/06/02 v4993 L3 Namespace for primitives
L3 Module: l3basics 2014/06/04 v5033 L3 Basic definitions
L3 Module: l3expan 2014/04/30 v4712 L3 Argument expansion
L3 Module: l3tl 2014/06/06 v5070 L3 Token lists
L3 Module: l3seq 2014/04/30 v4712 L3 Sequences and stacks
L3 Module: l3int 2014/05/31 v4966 L3 Integers
\c_max_int=\count136
\l_tmpa_int=\count137
\l_tmpb_int=\count138
\g_tmpa_int=\count139
\g_tmpb_int=\count140
L3 Module: l3quark 2014/05/26 v4889 L3 Quarks
L3 Module: l3prg 2014/05/04 v4728 L3 Control structures
\g__prg_map_int=\count141
L3 Module: l3clist 2014/05/04 v4728 L3 Comma separated lists
L3 Module: l3token 2014/05/26 v4889 L3 Experimental token manipulation
L3 Module: l3prop 2014/04/30 v4712 L3 Property lists
L3 Module: l3msg 2014/05/30 v4943 L3 Messages
L3 Module: l3file 2014/05/26 v4890 L3 File and I/O operations
\l_iow_line_count_int=\count142
\l__iow_target_count_int=\count143
\l__iow_current_line_int=\count144
\l__iow_current_word_int=\count145
\l__iow_current_indentation_int=\count146
L3 Module: l3skip 2014/05/31 v4972 L3 Dimensions and skips
\c_zero_dim=\dimen138
\c_max_dim=\dimen139
\l_tmpa_dim=\dimen140
\l_tmpb_dim=\dimen141
\g_tmpa_dim=\dimen142
\g_tmpb_dim=\dimen143
\c_zero_skip=\skip53
\c_max_skip=\skip54
\l_tmpa_skip=\skip55
\l_tmpb_skip=\skip56
\g_tmpa_skip=\skip57
\g_tmpb_skip=\skip58
\c_zero_muskip=\muskip12
\c_max_muskip=\muskip13
\l_tmpa_muskip=\muskip14
\l_tmpb_muskip=\muskip15
\g_tmpa_muskip=\muskip16
\g_tmpb_muskip=\muskip17
L3 Module: l3keys 2014/06/08 v5093 L3 Key-value interfaces
\g__keyval_level_int=\count147
\l_keys_choice_int=\count148
L3 Module: l3fp 2014/04/30 v4712 L3 Floating points
\c__fp_leading_shift_int=\count149
\c__fp_middle_shift_int=\count150
\c__fp_trailing_shift_int=\count151
\c__fp_big_leading_shift_int=\count152
\c__fp_big_middle_shift_int=\count153
\c__fp_big_trailing_shift_int=\count154
\c__fp_Bigg_leading_shift_int=\count155
\c__fp_Bigg_middle_shift_int=\count156
\c__fp_Bigg_trailing_shift_int=\count157
L3 Module: l3box 2014/05/31 v4974 L3 Experimental boxes
\c_empty_box=\box30
\l_tmpa_box=\box31
\l_tmpb_box=\box32
\g_tmpa_box=\box33
\g_tmpb_box=\box34
L3 Module: l3coffins 2014/05/28 v4899 L3 Coffin code layer
\l__coffin_internal_box=\box35
\l__coffin_internal_dim=\dimen144
\l__coffin_offset_x_dim=\dimen145
\l__coffin_offset_y_dim=\dimen146
\l__coffin_x_dim=\dimen147
\l__coffin_y_dim=\dimen148
\l__coffin_x_prime_dim=\dimen149
\l__coffin_y_prime_dim=\dimen150
\c_empty_coffin=\box36
\l__coffin_aligned_coffin=\box37
\l__coffin_aligned_internal_coffin=\box38
\l_tmpa_coffin=\box39
\l_tmpb_coffin=\box40
\l__coffin_display_coffin=\box41
\l__coffin_display_coord_coffin=\box42
\l__coffin_display_pole_coffin=\box43
\l__coffin_display_offset_dim=\dimen151
\l__coffin_display_x_dim=\dimen152
\l__coffin_display_y_dim=\dimen153
L3 Module: l3color 2014/04/30 v4712 L3 Experimental color support
L3 Module: l3candidates 2014/05/31 v4972 L3 Experimental additions to l3kernel
\l__box_top_dim=\dimen154
\l__box_bottom_dim=\dimen155
\l__box_left_dim=\dimen156
\l__box_right_dim=\dimen157
\l__box_top_new_dim=\dimen158
\l__box_bottom_new_dim=\dimen159
\l__box_left_new_dim=\dimen160
\l__box_right_new_dim=\dimen161
\l__box_internal_box=\box44
\l__coffin_bounding_shift_dim=\dimen162
\l__coffin_left_corner_dim=\dimen163
\l__coffin_right_corner_dim=\dimen164
\l__coffin_bottom_corner_dim=\dimen165
\l__coffin_top_corner_dim=\dimen166
\l__coffin_scaled_total_height_dim=\dimen167
\l__coffin_scaled_width_dim=\dimen168
)
(/usr/share/texlive/texmf-dist/tex/latex/l3kernel/l3pdfmode.def
File: l3pdfmode.def 2014/05/06 v4748 L3 Experimental driver: PDF mode
\l__driver_color_stack_int=\count158
))
Package: xparse 2014/06/10 v5105 L3 Experimental document command parser
\l__xparse_current_arg_int=\count159
\l__xparse_m_args_int=\count160
\l__xparse_mandatory_args_int=\count161
\l__xparse_processor_int=\count162
\l__xparse_v_nesting_int=\count163
)
(/usr/share/texlive/texmf-dist/tex/latex/etoolbox/etoolbox.sty
Package: etoolbox 2011/01/03 v2.1 e-TeX tools for LaTeX
\etb@tempcnta=\count164
)
(/usr/share/texlive/texmf-dist/tex/latex/oberdiek/zref-abspage.sty
Package: zref-abspage 2012/04/04 v2.24 Module abspage for zref (HO)

(/usr/share/texlive/texmf-dist/tex/latex/oberdiek/zref-base.sty
Package: zref-base 2012/04/04 v2.24 Module base for zref (HO)
Package zref Info: New property list: main on input line 759.
Package zref Info: New property: default on input line 760.
Package zref Info: New property: page on input line 761.
)
\c@abspage=\count165
Package zref Info: New property: abspage on input line 62.
)
(/usr/share/texlive/texmf-dist/tex/latex/needspace/needspace.sty
Package: needspace 2010/09/12 v1.3d reserve vertical space
)
(/usr/share/texlive/texmf-dist/tex/latex/graphics/color.sty
Package: color 2014/04/23 v1.1a Standard LaTeX Color (DPC)

(/usr/share/texlive/texmf-dist/tex/latex/latexconfig/color.cfg
File: color.cfg 2007/01/18 v1.5 color configuration of teTeX/TeXLive
)
Package color Info: Driver file: pdftex.def on input line 137.
)
\mdf@templength=\skip59
\c@mdf@globalstyle@cnt=\count166
\mdf@skipabove@length=\skip60
\mdf@skipbelow@length=\skip61
\mdf@leftmargin@length=\skip62
\mdf@rightmargin@length=\skip63
\mdf@innerleftmargin@length=\skip64
\mdf@innerrightmargin@length=\skip65
\mdf@innertopmargin@length=\skip66
\mdf@innerbottommargin@length=\skip67
\mdf@splittopskip@length=\skip68
\mdf@splitbottomskip@length=\skip69
\mdf@outermargin@length=\skip70
\mdf@innermargin@length=\skip71
\mdf@linewidth@length=\skip72
\mdf@innerlinewidth@length=\skip73
\mdf@middlelinewidth@length=\skip74
\mdf@outerlinewidth@length=\skip75
\mdf@roundcorner@length=\skip76
\mdf@footenotedistance@length=\skip77
\mdf@userdefinedwidth@length=\skip78
\mdf@needspace@length=\skip79
\mdf@frametitleaboveskip@length=\skip80
\mdf@frametitlebelowskip@length=\skip81
\mdf@frametitlerulewidth@length=\skip82
\mdf@frametitleleftmargin@length=\skip83
\mdf@frametitlerightmargin@length=\skip84
\mdf@shadowsize@length=\skip85
\mdf@extratopheight@length=\skip86
\mdf@subtitleabovelinewidth@length=\skip87
\mdf@subtitlebelowlinewidth@length=\skip88
\mdf@subtitleaboveskip@length=\skip89
\mdf@subtitlebelowskip@length=\skip90
\mdf@subtitleinneraboveskip@length=\skip91
\mdf@subtitleinnerbelowskip@length=\skip92
\mdf@subsubtitleabovelinewidth@length=\skip93
\mdf@subsubtitlebelowlinewidth@length=\skip94
\mdf@subsubtitleaboveskip@length=\skip95
\mdf@subsubtitlebelowskip@length=\skip96
\mdf@subsubtitleinneraboveskip@length=\skip97
\mdf@subsubtitleinnerbelowskip@length=\skip98

(/usr/share/texlive/texmf-dist/tex/latex/mdframed/md-frame-0.mdf
File: md-frame-0.mdf 2013/07/01\ 1.9b: md-frame-0
)
\mdf@frametitlebox=\box45
\mdf@footnotebox=\box46
\mdf@splitbox@one=\box47
\mdf@splitbox@two=\box48
\mdf@splitbox@save=\box49
\mdfsplitboxwidth=\skip99
\mdfsplitboxtotalwidth=\skip100
\mdfsplitboxheight=\skip101
\mdfsplitboxdepth=\skip102
\mdfsplitboxtotalheight=\skip103
\mdfframetitleboxwidth=\skip104
\mdfframetitleboxtotalwidth=\skip105
\mdfframetitleboxheight=\skip106
\mdfframetitleboxdepth=\skip107
\mdfframetitleboxtotalheight=\skip108
\mdffootnoteboxwidth=\skip109
\mdffootnoteboxtotalwidth=\skip110
\mdffootnoteboxheight=\skip111
\mdffootnoteboxdepth=\skip112
\mdffootnoteboxtotalheight=\skip113
\mdftotallinewidth=\skip114
\mdfboundingboxwidth=\skip115
\mdfboundingboxtotalwidth=\skip116
\mdfboundingboxheight=\skip117
\mdfboundingboxdepth=\skip118
\mdfboundingboxtotalheight=\skip119
\mdf@freevspace@length=\skip120
\mdf@horizontalwidthofbox@length=\skip121
\mdf@verticalmarginwhole@length=\skip122
\mdf@horizontalspaceofbox=\skip123
\mdfsubtitleheight=\skip124
\mdfsubsubtitleheight=\skip125
\c@mdfcountframes=\count167

****** mdframed patching \endmdf@trivlist

****** -- success******

.................................................
. LaTeX info: "xparse/define-command"
. 
. Defining document command \newmdtheoremenv with arg. spec. 'O{} m o m o ' on
. line 601.
.................................................
.................................................
. LaTeX info: "xparse/define-command"
. 
. Defining document command \mdtheorem with arg. spec. ' O{} m o m o ' on line
. 701.
.................................................
\mdf@envdepth=\count168
\c@mdf@env@i=\count169
\c@mdf@env@ii=\count170
\c@mdf@zref@counter=\count171
Package zref Info: New property: mdf@pagevalue on input line 895.
)
(/usr/share/texlive/texmf-dist/tex/latex/examplep/examplep.sty
Package: examplep 2010/02/03 v0.04 Verbatim and typeset TeX code

(/usr/share/texlive/texmf-dist/tex/latex/examplep/verbfwr.sty
Package: verbfwr 2003/09/25 v0.02 Verbatim file write
\verbfwr@writefile=\write3
))
(/usr/share/texlive/texmf-dist/tex/latex/listings/listings.sty
\lst@mode=\count172
\lst@gtempboxa=\box50
\lst@token=\toks30
\lst@length=\count173
\lst@currlwidth=\dimen169
\lst@column=\count174
\lst@pos=\count175
\lst@lostspace=\dimen170
\lst@width=\dimen171
\lst@newlines=\count176
\lst@lineno=\count177
\lst@maxwidth=\dimen172

(/usr/share/texlive/texmf-dist/tex/latex/listings/lstmisc.sty
File: lstmisc.sty 2014/03/04 1.5c (Carsten Heinz)
\c@lstnumber=\count178
\lst@skipnumbers=\count179
\lst@framebox=\box51
)
(/usr/share/texlive/texmf-dist/tex/latex/listings/listings.cfg
File: listings.cfg 2014/03/04 1.5c listings configuration
))
Package: listings 2014/03/04 1.5c (Carsten Heinz)
 (./flipper.aux)
\openout1 = `flipper.aux'.

LaTeX Font Info:    Checking defaults for OML/cmm/m/it on input line 37.
LaTeX Font Info:    ... okay on input line 37.
LaTeX Font Info:    Checking defaults for T1/cmr/m/n on input line 37.
LaTeX Font Info:    ... okay on input line 37.
LaTeX Font Info:    Checking defaults for OT1/cmr/m/n on input line 37.
LaTeX Font Info:    ... okay on input line 37.
LaTeX Font Info:    Checking defaults for OMS/cmsy/m/n on input line 37.
LaTeX Font Info:    ... okay on input line 37.
LaTeX Font Info:    Checking defaults for OMX/cmex/m/n on input line 37.
LaTeX Font Info:    ... okay on input line 37.
LaTeX Font Info:    Checking defaults for U/cmr/m/n on input line 37.
LaTeX Font Info:    ... okay on input line 37.
LaTeX Font Info:    Checking defaults for PD1/pdf/m/n on input line 37.
LaTeX Font Info:    ... okay on input line 37.
LaTeX Info: Redefining \microtypecontext on input line 37.
Package microtype Info: Generating PDF output.
Package microtype Info: Character protrusion enabled (level 2).
Package microtype Info: Using default protrusion set `alltext'.
Package microtype Info: Automatic font expansion enabled (level 2),
(microtype)             stretch: 20, shrink: 20, step: 1, non-selected.
Package microtype Info: Using default expansion set `basictext'.
Package microtype Info: No adjustment of tracking.
Package microtype Info: No adjustment of interword spacing.
Package microtype Info: No adjustment of character kerning.
 (/usr/share/texlive/texmf-dist/tex/latex/microtype/mt-cmr.cfg
File: mt-cmr.cfg 2013/05/19 v2.2 microtype config. file: Computer Modern Roman 
(RS)
)
(/usr/share/texlive/texmf-dist/tex/context/base/supp-pdf.mkii
[Loading MPS to PDF converter (version 2006.09.02).]
\scratchcounter=\count180
\scratchdimen=\dimen173
\scratchbox=\box52
\nofMPsegments=\count181
\nofMParguments=\count182
\everyMPshowfont=\toks31
\MPscratchCnt=\count183
\MPscratchDim=\dimen174
\MPnumerator=\count184
\makeMPintoPDFobject=\count185
\everyMPtoPDFconversion=\toks32
) (/usr/share/texlive/texmf-dist/tex/latex/oberdiek/epstopdf-base.sty
Package: epstopdf-base 2010/02/09 v2.5 Base part for package epstopdf

(/usr/share/texlive/texmf-dist/tex/latex/oberdiek/grfext.sty
Package: grfext 2010/08/19 v1.1 Manage graphics extensions (HO)
)
Package grfext Info: Graphics extension search list:
(grfext)             [.png,.pdf,.jpg,.mps,.jpeg,.jbig2,.jb2,.PNG,.PDF,.JPG,.JPE
G,.JBIG2,.JB2,.eps]
(grfext)             \AppendGraphicsExtensions on input line 452.

(/usr/share/texlive/texmf-dist/tex/latex/latexconfig/epstopdf-sys.cfg
File: epstopdf-sys.cfg 2010/07/13 v1.3 Configuration of (r)epstopdf for TeX Liv
e
))
\AtBeginShipoutBox=\box53
Package hyperref Info: Link coloring OFF on input line 37.

(/usr/share/texlive/texmf-dist/tex/latex/hyperref/nameref.sty
Package: nameref 2012/10/27 v2.43 Cross-referencing by name of section

(/usr/share/texlive/texmf-dist/tex/generic/oberdiek/gettitlestring.sty
Package: gettitlestring 2010/12/03 v1.4 Cleanup title references (HO)
)
\c@section@level=\count186
)
LaTeX Info: Redefining \ref on input line 37.
LaTeX Info: Redefining \pageref on input line 37.
LaTeX Info: Redefining \nameref on input line 37.

(./flipper.out) (./flipper.out)
\@outlinefile=\write4
\openout4 = `flipper.out'.

\c@lstlisting=\count187
LaTeX Font Info:    Try loading font information for U+msa on input line 40.

(/usr/share/texlive/texmf-dist/tex/latex/amsfonts/umsa.fd
File: umsa.fd 2013/01/14 v3.01 AMS symbols A
)
(/usr/share/texlive/texmf-dist/tex/latex/microtype/mt-msa.cfg
File: mt-msa.cfg 2006/02/04 v1.1 microtype config. file: AMS symbols (a) (RS)
)
LaTeX Font Info:    Try loading font information for U+msb on input line 40.

(/usr/share/texlive/texmf-dist/tex/latex/amsfonts/umsb.fd
File: umsb.fd 2013/01/14 v3.01 AMS symbols B
)
(/usr/share/texlive/texmf-dist/tex/latex/microtype/mt-msb.cfg
File: mt-msb.cfg 2005/06/01 v1.0 microtype config. file: AMS symbols (b) (RS)
)
Package microtype Info: Loading generic settings for font family
(microtype)             `cmtt' (encoding: OT1).
(microtype)             For optimal results, create family-specific settings.
(microtype)             See the microtype manual for details.
LaTeX Font Info:    Try loading font information for OMS+cmr on input line 88.

(/usr/share/texlive/texmf-dist/tex/latex/base/omscmr.fd
File: omscmr.fd 1999/05/25 v2.5h Standard LaTeX font definitions
)
LaTeX Font Info:    Font shape `OMS/cmr/m/n' in size <10> not available
(Font)              Font shape `OMS/cmsy/m/n' tried instead on input line 88.
 [1

{/var/lib/texmf/fonts/map/pdftex/updmap/pdftex.map}] [2]
<figures/main.png, id=97, 702.625pt x 562.1pt>
File: figures/main.png Graphic file (type png)
 <use figures/main.png>
Package pdftex.def Info: figures/main.png used on input line 196.
(pdftex.def)             Requested size: 339.72592pt x 271.78621pt.
 [3 <./figures/main.png>] [4] (./flipper.bbl (./flipper.brf)
\tf@brf=\write5
\openout5 = `flipper.brf'.

)
Package atveryend Info: Empty hook `BeforeClearDocument' on input line 263.
 [5]
Package atveryend Info: Empty hook `AfterLastShipout' on input line 263.
 (./flipper.aux)
Package atveryend Info: Executing hook `AtVeryEndDocument' on input line 263.
Package atveryend Info: Executing hook `AtEndAfterFileList' on input line 263.
Package rerunfilecheck Info: File `flipper.out' has not changed.
(rerunfilecheck)             Checksum: 708F8C9578C4E6D873CACF4C657A859B;721.
Package rerunfilecheck Info: File `flipper.brf' has not changed.
(rerunfilecheck)             Checksum: 94F8B5BAEA1DBB9E554D2DD54A156E54;183.
Package atveryend Info: Empty hook `AtVeryVeryEnd' on input line 263.
 ) 
Here is how much of TeX's memory you used:
 16653 strings out of 493104
 280437 string characters out of 6136931
 423009 words of memory out of 5000000
 19810 multiletter control sequences out of 15000+600000
 14184 words of font info for 78 fonts, out of 8000000 for 9000
 1141 hyphenation exceptions out of 8191
 41i,16n,39p,10417b,1156s stack positions out of 5000i,500n,10000p,200000b,80000s
</usr/share/texlive/texmf-dist/fonts/type1/public/amsfonts/cm/cmbx10.pfb></us
r/share/texlive/texmf-dist/fonts/type1/public/amsfonts/cm/cmbx12.pfb></usr/shar
e/texlive/texmf-dist/fonts/type1/public/amsfonts/cm/cmr10.pfb></usr/share/texli
ve/texmf-dist/fonts/type1/public/amsfonts/cm/cmr12.pfb></usr/share/texlive/texm
f-dist/fonts/type1/public/amsfonts/cm/cmr17.pfb></usr/share/texlive/texmf-dist/
fonts/type1/public/amsfonts/cm/cmsy10.pfb></usr/share/texlive/texmf-dist/fonts/
type1/public/amsfonts/cm/cmti10.pfb></usr/share/texlive/texmf-dist/fonts/type1/
public/amsfonts/cm/cmtt10.pfb></usr/share/texlive/texmf-dist/fonts/type1/public
/amsfonts/cm/cmtt9.pfb></usr/share/texlive/texmf-dist/fonts/type1/public/amsfon
ts/symbols/msbm10.pfb>
Output written on flipper.pdf (5 pages, 152045 bytes).
PDF statistics:
 189 PDF objects out of 1000 (max. 8388607)
 168 compressed objects within 2 object streams
 58 named destinations out of 1000 (max. 500000)
 15454 words of extra memory for PDF output out of 17280 (max. 10000000)

